Log file open, 03/06/20 09:20:04
LogWindows: Failed to load 'aqProf.dll' (GetLastError=126)
LogWindows: File 'aqProf.dll' does not exist
LogWindows: Failed to load 'VtuneApi.dll' (GetLastError=126)
LogWindows: File 'VtuneApi.dll' does not exist
LogWindows: Failed to load 'VtuneApi32e.dll' (GetLastError=126)
LogWindows: File 'VtuneApi32e.dll' does not exist
LogConsoleResponse: Display: Failed to find resolution value strings in scalability ini. Falling back to default.
LogInit: Display: Running engine for game: wrong_clone
LogPakFile: Registered encryption key '00000000000000000000000000000000': 0 pak files mounted, 0 remain pending
LogPlatformFile: Not using cached read wrapper
LogTaskGraph: Started task graph with 5 named threads and 35 total threads with 3 sets of task threads.
LogStats: Stats thread started at 0.394701
LogD3D11RHI: Loaded GFSDK_Aftermath_Lib.x64.dll
LogICUInternationalization: ICU TimeZone Detection - Raw Offset: +1:00, Platform Override: ''
LogPluginManager: Mounting plugin Paper2D
LogPluginManager: Mounting plugin AISupport
LogPluginManager: Mounting plugin LightPropagationVolume
LogPluginManager: Mounting plugin ActorLayerUtilities
LogPluginManager: Mounting plugin AnimationSharing
LogPluginManager: Mounting plugin CLionSourceCodeAccess
LogPluginManager: Mounting plugin CodeLiteSourceCodeAccess
LogPluginManager: Mounting plugin GitSourceControl
LogPluginManager: Mounting plugin KDevelopSourceCodeAccess
LogPluginManager: Mounting plugin NullSourceCodeAccess
LogPluginManager: Mounting plugin PerforceSourceControl
LogPluginManager: Mounting plugin SubversionSourceControl
LogPluginManager: Mounting plugin UObjectPlugin
LogPluginManager: Mounting plugin VisualStudioCodeSourceCodeAccess
LogPluginManager: Mounting plugin VisualStudioSourceCodeAccess
LogPluginManager: Mounting plugin XCodeSourceCodeAccess
LogPluginManager: Mounting plugin AssetManagerEditor
LogPluginManager: Mounting plugin CryptoKeys
LogPluginManager: Mounting plugin DataValidation
LogPluginManager: Mounting plugin FacialAnimation
LogPluginManager: Mounting plugin GameplayTagsEditor
LogPluginManager: Mounting plugin MacGraphicsSwitching
LogPluginManager: Mounting plugin MaterialAnalyzer
LogPluginManager: Mounting plugin MobileLauncherProfileWizard
LogPluginManager: Mounting plugin PluginBrowser
LogPluginManager: Mounting plugin SpeedTreeImporter
LogPluginManager: Mounting plugin DatasmithContent
LogPluginManager: Mounting plugin VariantManagerContent
LogPluginManager: Mounting plugin AlembicImporter
LogPluginManager: Mounting plugin AppleImageUtils
LogPluginManager: Mounting plugin AppleVision
LogPluginManager: Mounting plugin BackChannel
LogPluginManager: Mounting plugin CharacterAI
LogPluginManager: Mounting plugin GeometryCache
LogPluginManager: Mounting plugin HTML5Networking
LogPluginManager: Mounting plugin ProxyLODPlugin
LogPluginManager: Mounting plugin SkeletalReduction
LogPluginManager: Mounting plugin MagicLeap
LogPluginManager: Mounting plugin MagicLeapMedia
LogPluginManager: Mounting plugin AndroidMedia
LogPluginManager: Mounting plugin AvfMedia
LogPluginManager: Mounting plugin ImgMedia
LogPluginManager: Mounting plugin LinearTimecode
LogPluginManager: Mounting plugin MediaCompositing
LogPluginManager: Mounting plugin MediaPlayerEditor
LogPluginManager: Mounting plugin WebMMedia
LogPluginManager: Mounting plugin WmfMedia
LogPluginManager: Mounting plugin TcpMessaging
LogPluginManager: Mounting plugin UdpMessaging
LogPluginManager: Mounting plugin ActorSequence
LogPluginManager: Mounting plugin LevelSequenceEditor
LogPluginManager: Mounting plugin MatineeToLevelSequence
LogPluginManager: Mounting plugin NetcodeUnitTest
LogPluginManager: Mounting plugin NUTUnrealEngine4
LogPluginManager: Mounting plugin OnlineSubsystemGooglePlay
LogPluginManager: Mounting plugin OnlineSubsystemIOS
LogPluginManager: Mounting plugin OnlineSubsystem
LogPluginManager: Mounting plugin OnlineSubsystemNull
LogPluginManager: Mounting plugin OnlineSubsystemUtils
LogPluginManager: Mounting plugin LauncherChunkInstaller
LogPluginManager: Mounting plugin AndroidDeviceProfileSelector
LogPluginManager: Mounting plugin AndroidMoviePlayer
LogPluginManager: Mounting plugin AndroidPermission
LogPluginManager: Mounting plugin AppleMoviePlayer
LogPluginManager: Mounting plugin ArchVisCharacter
LogPluginManager: Mounting plugin AudioCapture
LogPluginManager: Mounting plugin CableComponent
LogPluginManager: Mounting plugin CustomMeshComponent
LogPluginManager: Mounting plugin EditableMesh
LogPluginManager: Mounting plugin ExampleDeviceProfileSelector
LogPluginManager: Mounting plugin Firebase
LogPluginManager: Mounting plugin GoogleCloudMessaging
LogPluginManager: Mounting plugin IOSDeviceProfileSelector
LogPluginManager: Mounting plugin LinuxDeviceProfileSelector
LogPluginManager: Mounting plugin LocationServicesBPLibrary
LogPluginManager: Mounting plugin MobilePatchingUtils
LogPluginManager: Mounting plugin OculusVR
LogPluginManager: Mounting plugin PhysXVehicles
LogPluginManager: Mounting plugin ProceduralMeshComponent
LogPluginManager: Mounting plugin RuntimePhysXCooking
LogPluginManager: Mounting plugin SignificanceManager
LogPluginManager: Mounting plugin SteamVR
LogPluginManager: Mounting plugin WebMMoviePlayer
LogPluginManager: Mounting plugin WindowsMoviePlayer
LogInit: Using libcurl 7.55.1-DEV
LogInit:  - built for x86_64-pc-win32
LogInit:  - supports SSL with OpenSSL/1.1.1
LogInit:  - supports HTTP deflate (compression) using libz 1.2.8
LogInit:  - other features:
LogInit:      CURL_VERSION_SSL
LogInit:      CURL_VERSION_LIBZ
LogInit:      CURL_VERSION_IPV6
LogInit:      CURL_VERSION_ASYNCHDNS
LogInit:      CURL_VERSION_LARGEFILE
LogInit:      CURL_VERSION_IDN
LogInit:  CurlRequestOptions (configurable via config and command line):
LogInit:  - bVerifyPeer = true  - Libcurl will verify peer certificate
LogInit:  - bUseHttpProxy = false  - Libcurl will NOT use HTTP proxy
LogInit:  - bDontReuseConnections = false  - Libcurl will reuse connections
LogInit:  - MaxHostConnections = 16  - Libcurl will limit the number of connections to a host
LogInit:  - LocalHostAddr = Default
LogInit:  - BufferSize = 65536
LogInit: WinSock: version 1.1 (2.2), MaxSocks=32767, MaxUdp=65467
LogInit: Build: ++UE4+Release-4.22-CL-7053642
LogInit: Engine Version: 4.22.3-7053642+++UE4+Release-4.22
LogInit: Compatible Engine Version: 4.22.0-5660361+++UE4+Release-4.22
LogInit: Net CL: 5660361
LogInit: OS: Windows 10 (Release 1809) (), CPU: Intel(R) Core(TM) i7-8700 CPU @ 3.20GHz, GPU: NVIDIA GeForce RTX 2060
LogInit: Compiled (64-bit): Jun 18 2019 03:09:11
LogInit: Compiled with Visual C++: 19.16.27025.01
LogInit: Build Configuration: Development
LogInit: Branch Name: ++UE4+Release-4.22
LogInit: Command Line: 
LogInit: Base Directory: C:/Program Files/Epic Games/UE_4.22/Engine/Binaries/Win64/
LogInit: Installed Engine Build: 1
LogDevObjectVersion: Number of dev versions registered: 23
LogDevObjectVersion:   Dev-Blueprints (B0D832E4-1F89-4F0D-ACCF-7EB736FD4AA2): 10
LogDevObjectVersion:   Dev-Build (E1C64328-A22C-4D53-A36C-8E866417BD8C): 0
LogDevObjectVersion:   Dev-Core (375EC13C-06E4-48FB-B500-84F0262A717E): 3
LogDevObjectVersion:   Dev-Editor (E4B068ED-F494-42E9-A231-DA0B2E46BB41): 30
LogDevObjectVersion:   Dev-Framework (CFFC743F-43B0-4480-9391-14DF171D2073): 35
LogDevObjectVersion:   Dev-Mobile (B02B49B5-BB20-44E9-A304-32B752E40360): 2
LogDevObjectVersion:   Dev-Networking (A4E4105C-59A1-49B5-A7C5-40C4547EDFEE): 0
LogDevObjectVersion:   Dev-Online (39C831C9-5AE6-47DC-9A44-9C173E1C8E7C): 0
LogDevObjectVersion:   Dev-Physics (78F01B33-EBEA-4F98-B9B4-84EACCB95AA2): 0
LogDevObjectVersion:   Dev-Platform (6631380F-2D4D-43E0-8009-CF276956A95A): 0
LogDevObjectVersion:   Dev-Rendering (12F88B9F-8875-4AFC-A67C-D90C383ABD29): 28
LogDevObjectVersion:   Dev-Sequencer (7B5AE74C-D270-4C10-A958-57980B212A5A): 11
LogDevObjectVersion:   Dev-VR (D7296918-1DD6-4BDD-9DE2-64A83CC13884): 2
LogDevObjectVersion:   Dev-LoadTimes (C2A15278-BFE7-4AFE-6C17-90FF531DF755): 1
LogDevObjectVersion:   Private-Geometry (6EACA3D4-40EC-4CC1-B786-8BED09428FC5): 3
LogDevObjectVersion:   Dev-AnimPhys (29E575DD-E0A3-4627-9D10-D276232CDCEA): 17
LogDevObjectVersion:   Dev-Anim (AF43A65D-7FD3-4947-9873-3E8ED9C1BB05): 2
LogDevObjectVersion:   Dev-ReflectionCapture (6B266CEC-1EC7-4B8F-A30B-E4D90942FC07): 1
LogDevObjectVersion:   Dev-Automation (0DF73D61-A23F-47EA-B727-89E90C41499A): 1
LogDevObjectVersion:   FortniteMain (601D1886-AC64-4F84-AA16-D3DE0DEAC7D6): 25
LogDevObjectVersion:   Dev-Enterprise (9DFFBCD6-494F-0158-E221-12823C92A888): 6
LogDevObjectVersion:   Dev-Niagara (F2AED0AC-9AFE-416F-8664-AA7FFA26D6FC): 1
LogDevObjectVersion:   Dev-Destruction (174F1F0B-B4C6-45A5-B13F-2EE8D0FB917D): 2
LogInit: Presizing for max 16777216 objects, including 0 objects not considered by GC, pre-allocating 0 bytes for permanent pool.
LogInit: Object subsystem initialized
LogConfig: Setting CVar [[con.DebugEarlyDefault:1]]
LogConfig: Setting CVar [[r.setres:1280x720]]
[2020.03.06-08.20.05:202][  0]LogConfig: Setting CVar [[r.VSync:0]]
[2020.03.06-08.20.05:202][  0]LogConfig: Setting CVar [[r.RHICmdBypass:0]]
[2020.03.06-08.20.05:202][  0]LogConfig: Applying CVar settings from Section [/Script/Engine.RendererSettings] File [C:/Users/gerard.campos/Desktop/levelUnrealProyecto/wrong_clone_2/Saved/Config/Windows/Engine.ini]
[2020.03.06-08.20.05:202][  0]LogConfig: Setting CVar [[r.GPUCrashDebugging:0]]
[2020.03.06-08.20.05:202][  0]LogConfig: Applying CVar settings from Section [/Script/Engine.RendererOverrideSettings] File [C:/Users/gerard.campos/Desktop/levelUnrealProyecto/wrong_clone_2/Saved/Config/Windows/Engine.ini]
[2020.03.06-08.20.05:202][  0]LogConfig: Applying CVar settings from Section [/Script/Engine.StreamingSettings] File [C:/Users/gerard.campos/Desktop/levelUnrealProyecto/wrong_clone_2/Saved/Config/Windows/Engine.ini]
[2020.03.06-08.20.05:202][  0]LogConfig: Setting CVar [[s.MinBulkDataSizeForAsyncLoading:131072]]
[2020.03.06-08.20.05:202][  0]LogConfig: Setting CVar [[s.AsyncLoadingThreadEnabled:0]]
[2020.03.06-08.20.05:202][  0]LogConfig: Setting CVar [[s.EventDrivenLoaderEnabled:1]]
[2020.03.06-08.20.05:202][  0]LogConfig: Setting CVar [[s.WarnIfTimeLimitExceeded:0]]
[2020.03.06-08.20.05:202][  0]LogConfig: Setting CVar [[s.TimeLimitExceededMultiplier:1.5]]
[2020.03.06-08.20.05:202][  0]LogConfig: Setting CVar [[s.TimeLimitExceededMinTime:0.005]]
[2020.03.06-08.20.05:202][  0]LogConfig: Setting CVar [[s.UseBackgroundLevelStreaming:1]]
[2020.03.06-08.20.05:202][  0]LogConfig: Setting CVar [[s.PriorityAsyncLoadingExtraTime:15.0]]
[2020.03.06-08.20.05:202][  0]LogConfig: Setting CVar [[s.LevelStreamingActorsUpdateTimeLimit:5.0]]
[2020.03.06-08.20.05:202][  0]LogConfig: Setting CVar [[s.PriorityLevelStreamingActorsUpdateExtraTime:5.0]]
[2020.03.06-08.20.05:202][  0]LogConfig: Setting CVar [[s.LevelStreamingComponentsRegistrationGranularity:10]]
[2020.03.06-08.20.05:202][  0]LogConfig: Setting CVar [[s.UnregisterComponentsTimeLimit:1.0]]
[2020.03.06-08.20.05:202][  0]LogConfig: Setting CVar [[s.LevelStreamingComponentsUnregistrationGranularity:5]]
[2020.03.06-08.20.05:202][  0]LogConfig: Applying CVar settings from Section [/Script/Engine.GarbageCollectionSettings] File [C:/Users/gerard.campos/Desktop/levelUnrealProyecto/wrong_clone_2/Saved/Config/Windows/Engine.ini]
[2020.03.06-08.20.05:202][  0]LogConfig: Setting CVar [[gc.MaxObjectsNotConsideredByGC:1]]
[2020.03.06-08.20.05:202][  0]LogConfig: Setting CVar [[gc.SizeOfPermanentObjectPool:0]]
[2020.03.06-08.20.05:202][  0]LogConfig: Setting CVar [[gc.FlushStreamingOnGC:0]]
[2020.03.06-08.20.05:202][  0]LogConfig: Setting CVar [[gc.NumRetriesBeforeForcingGC:10]]
[2020.03.06-08.20.05:202][  0]LogConfig: Setting CVar [[gc.AllowParallelGC:1]]
[2020.03.06-08.20.05:202][  0]LogConfig: Setting CVar [[gc.TimeBetweenPurgingPendingKillObjects:61.1]]
[2020.03.06-08.20.05:202][  0]LogConfig: Setting CVar [[gc.MaxObjectsInEditor:16777216]]
[2020.03.06-08.20.05:202][  0]LogConfig: Setting CVar [[gc.IncrementalBeginDestroyEnabled:1]]
[2020.03.06-08.20.05:202][  0]LogConfig: Setting CVar [[gc.CreateGCClusters:1]]
[2020.03.06-08.20.05:202][  0]LogConfig: Setting CVar [[gc.MinGCClusterSize:5]]
[2020.03.06-08.20.05:202][  0]LogConfig: Setting CVar [[gc.ActorClusteringEnabled:0]]
[2020.03.06-08.20.05:202][  0]LogConfig: Setting CVar [[gc.BlueprintClusteringEnabled:0]]
[2020.03.06-08.20.05:203][  0]LogConfig: Setting CVar [[gc.UseDisregardForGCOnDedicatedServers:0]]
[2020.03.06-08.20.05:203][  0]LogConfig: Applying CVar settings from Section [/Script/Engine.NetworkSettings] File [C:/Users/gerard.campos/Desktop/levelUnrealProyecto/wrong_clone_2/Saved/Config/Windows/Engine.ini]
[2020.03.06-08.20.05:203][  0]LogConfig: Applying CVar settings from Section [/Script/UnrealEd.CookerSettings] File [C:/Users/gerard.campos/Desktop/levelUnrealProyecto/wrong_clone_2/Saved/Config/Windows/Engine.ini]
[2020.03.06-08.20.05:204][  0]LogConfig: Applying CVar settings from Section [ViewDistanceQuality@3] File [C:/Users/gerard.campos/Desktop/levelUnrealProyecto/wrong_clone_2/Saved/Config/Windows/Scalability.ini]
[2020.03.06-08.20.05:204][  0]LogConfig: Setting CVar [[r.SkeletalMeshLODBias:0]]
[2020.03.06-08.20.05:204][  0]LogConfig: Setting CVar [[r.ViewDistanceScale:1.0]]
[2020.03.06-08.20.05:204][  0]LogConfig: Applying CVar settings from Section [AntiAliasingQuality@3] File [C:/Users/gerard.campos/Desktop/levelUnrealProyecto/wrong_clone_2/Saved/Config/Windows/Scalability.ini]
[2020.03.06-08.20.05:204][  0]LogConfig: Setting CVar [[r.PostProcessAAQuality:4]]
[2020.03.06-08.20.05:204][  0]LogConfig: Applying CVar settings from Section [ShadowQuality@3] File [C:/Users/gerard.campos/Desktop/levelUnrealProyecto/wrong_clone_2/Saved/Config/Windows/Scalability.ini]
[2020.03.06-08.20.05:204][  0]LogConfig: Setting CVar [[r.LightFunctionQuality:1]]
[2020.03.06-08.20.05:204][  0]LogConfig: Setting CVar [[r.ShadowQuality:5]]
[2020.03.06-08.20.05:204][  0]LogConfig: Setting CVar [[r.Shadow.CSM.MaxCascades:10]]
[2020.03.06-08.20.05:204][  0]LogConfig: Setting CVar [[r.Shadow.MaxResolution:2048]]
[2020.03.06-08.20.05:204][  0]LogConfig: Setting CVar [[r.Shadow.MaxCSMResolution:2048]]
[2020.03.06-08.20.05:204][  0]LogConfig: Setting CVar [[r.Shadow.RadiusThreshold:0.01]]
[2020.03.06-08.20.05:204][  0]LogConfig: Setting CVar [[r.Shadow.DistanceScale:1.0]]
[2020.03.06-08.20.05:204][  0]LogConfig: Setting CVar [[r.Shadow.CSM.TransitionScale:1.0]]
[2020.03.06-08.20.05:204][  0]LogConfig: Setting CVar [[r.Shadow.PreShadowResolutionFactor:1.0]]
[2020.03.06-08.20.05:204][  0]LogConfig: Setting CVar [[r.DistanceFieldShadowing:1]]
[2020.03.06-08.20.05:204][  0]LogConfig: Setting CVar [[r.DistanceFieldAO:1]]
[2020.03.06-08.20.05:204][  0]LogConfig: Setting CVar [[r.AOQuality:2]]
[2020.03.06-08.20.05:204][  0]LogConfig: Setting CVar [[r.VolumetricFog:1]]
[2020.03.06-08.20.05:204][  0]LogConfig: Setting CVar [[r.VolumetricFog.GridPixelSize:8]]
[2020.03.06-08.20.05:204][  0]LogConfig: Setting CVar [[r.VolumetricFog.GridSizeZ:128]]
[2020.03.06-08.20.05:204][  0]LogConfig: Setting CVar [[r.VolumetricFog.HistoryMissSupersampleCount:4]]
[2020.03.06-08.20.05:205][  0]LogConfig: Setting CVar [[r.LightMaxDrawDistanceScale:1]]
[2020.03.06-08.20.05:205][  0]LogConfig: Setting CVar [[r.CapsuleShadows:1]]
[2020.03.06-08.20.05:205][  0]LogConfig: Applying CVar settings from Section [PostProcessQuality@3] File [C:/Users/gerard.campos/Desktop/levelUnrealProyecto/wrong_clone_2/Saved/Config/Windows/Scalability.ini]
[2020.03.06-08.20.05:205][  0]LogConfig: Setting CVar [[r.MotionBlurQuality:4]]
[2020.03.06-08.20.05:205][  0]LogConfig: Setting CVar [[r.AmbientOcclusionMipLevelFactor:0.4]]
[2020.03.06-08.20.05:205][  0]LogConfig: Setting CVar [[r.AmbientOcclusionMaxQuality:100]]
[2020.03.06-08.20.05:205][  0]LogConfig: Setting CVar [[r.AmbientOcclusionLevels:-1]]
[2020.03.06-08.20.05:205][  0]LogConfig: Setting CVar [[r.AmbientOcclusionRadiusScale:1.0]]
[2020.03.06-08.20.05:205][  0]LogConfig: Setting CVar [[r.DepthOfFieldQuality:2]]
[2020.03.06-08.20.05:205][  0]LogConfig: Setting CVar [[r.RenderTargetPoolMin:400]]
[2020.03.06-08.20.05:205][  0]LogConfig: Setting CVar [[r.LensFlareQuality:2]]
[2020.03.06-08.20.05:205][  0]LogConfig: Setting CVar [[r.SceneColorFringeQuality:1]]
[2020.03.06-08.20.05:205][  0]LogConfig: Setting CVar [[r.EyeAdaptationQuality:2]]
[2020.03.06-08.20.05:205][  0]LogConfig: Setting CVar [[r.BloomQuality:5]]
[2020.03.06-08.20.05:205][  0]LogConfig: Setting CVar [[r.FastBlurThreshold:100]]
[2020.03.06-08.20.05:205][  0]LogConfig: Setting CVar [[r.Upscale.Quality:3]]
[2020.03.06-08.20.05:205][  0]LogConfig: Setting CVar [[r.Tonemapper.GrainQuantization:1]]
[2020.03.06-08.20.05:205][  0]LogConfig: Setting CVar [[r.LightShaftQuality:1]]
[2020.03.06-08.20.05:205][  0]LogConfig: Setting CVar [[r.Filter.SizeScale:1]]
[2020.03.06-08.20.05:205][  0]LogConfig: Setting CVar [[r.Tonemapper.Quality:5]]
[2020.03.06-08.20.05:205][  0]LogConfig: Setting CVar [[r.DOF.Gather.AccumulatorQuality:1        ; higher gathering accumulator quality]]
[2020.03.06-08.20.05:205][  0]LogConfig: Setting CVar [[r.DOF.Gather.PostfilterMethod:1          ; Median3x3 postfilering method]]
[2020.03.06-08.20.05:205][  0]LogConfig: Setting CVar [[r.DOF.Gather.EnableBokehSettings:0       ; no bokeh simulation when gathering]]
[2020.03.06-08.20.05:205][  0]LogConfig: Setting CVar [[r.DOF.Gather.RingCount:4                 ; medium number of samples when gathering]]
[2020.03.06-08.20.05:205][  0]LogConfig: Setting CVar [[r.DOF.Scatter.ForegroundCompositing:1    ; additive foreground scattering]]
[2020.03.06-08.20.05:205][  0]LogConfig: Setting CVar [[r.DOF.Scatter.BackgroundCompositing:2    ; additive background scattering]]
[2020.03.06-08.20.05:205][  0]LogConfig: Setting CVar [[r.DOF.Scatter.EnableBokehSettings:1      ; bokeh simulation when scattering]]
[2020.03.06-08.20.05:205][  0]LogConfig: Setting CVar [[r.DOF.Scatter.MaxSpriteRatio:0.1         ; only a maximum of 10% of scattered bokeh]]
[2020.03.06-08.20.05:205][  0]LogConfig: Setting CVar [[r.DOF.Recombine.Quality:1                ; cheap slight out of focus]]
[2020.03.06-08.20.05:205][  0]LogConfig: Setting CVar [[r.DOF.Recombine.EnableBokehSettings:0    ; no bokeh simulation on slight out of focus]]
[2020.03.06-08.20.05:205][  0]LogConfig: Setting CVar [[r.DOF.TemporalAAQuality:1                ; more stable temporal accumulation]]
[2020.03.06-08.20.05:205][  0]LogConfig: Setting CVar [[r.DOF.Kernel.MaxForegroundRadius:0.025]]
[2020.03.06-08.20.05:205][  0]LogConfig: Setting CVar [[r.DOF.Kernel.MaxBackgroundRadius:0.025]]
[2020.03.06-08.20.05:205][  0]LogConfig: Applying CVar settings from Section [TextureQuality@3] File [C:/Users/gerard.campos/Desktop/levelUnrealProyecto/wrong_clone_2/Saved/Config/Windows/Scalability.ini]
[2020.03.06-08.20.05:205][  0]LogConfig: Setting CVar [[r.Streaming.MipBias:0]]
[2020.03.06-08.20.05:205][  0]LogConfig: Setting CVar [[r.Streaming.AmortizeCPUToGPUCopy:0]]
[2020.03.06-08.20.05:205][  0]LogConfig: Setting CVar [[r.Streaming.MaxNumTexturesToStreamPerFrame:0]]
[2020.03.06-08.20.05:205][  0]LogConfig: Setting CVar [[r.Streaming.Boost:1]]
[2020.03.06-08.20.05:205][  0]LogConfig: Setting CVar [[r.MaxAnisotropy:8]]
[2020.03.06-08.20.05:205][  0]LogConfig: Setting CVar [[r.Streaming.LimitPoolSizeToVRAM:0]]
[2020.03.06-08.20.05:205][  0]LogConfig: Setting CVar [[r.Streaming.PoolSize:1000]]
[2020.03.06-08.20.05:205][  0]LogConfig: Setting CVar [[r.Streaming.MaxEffectiveScreenSize:0]]
[2020.03.06-08.20.05:205][  0]LogConfig: Applying CVar settings from Section [EffectsQuality@3] File [C:/Users/gerard.campos/Desktop/levelUnrealProyecto/wrong_clone_2/Saved/Config/Windows/Scalability.ini]
[2020.03.06-08.20.05:205][  0]LogConfig: Setting CVar [[r.TranslucencyLightingVolumeDim:64]]
[2020.03.06-08.20.05:205][  0]LogConfig: Setting CVar [[r.RefractionQuality:2]]
[2020.03.06-08.20.05:205][  0]LogConfig: Setting CVar [[r.SSR.Quality:3]]
[2020.03.06-08.20.05:205][  0]LogConfig: Setting CVar [[r.SceneColorFormat:4]]
[2020.03.06-08.20.05:205][  0]LogConfig: Setting CVar [[r.DetailMode:2]]
[2020.03.06-08.20.05:205][  0]LogConfig: Setting CVar [[r.TranslucencyVolumeBlur:1]]
[2020.03.06-08.20.05:205][  0]LogConfig: Setting CVar [[r.MaterialQualityLevel:1 ; High quality]]
[2020.03.06-08.20.05:205][  0]LogConfig: Setting CVar [[r.SSS.Scale:1]]
[2020.03.06-08.20.05:205][  0]LogConfig: Setting CVar [[r.SSS.SampleSet:2]]
[2020.03.06-08.20.05:205][  0]LogConfig: Setting CVar [[r.SSS.Quality:1]]
[2020.03.06-08.20.05:205][  0]LogConfig: Setting CVar [[r.SSS.HalfRes:1]]
[2020.03.06-08.20.05:205][  0]LogConfig: Setting CVar [[r.EmitterSpawnRateScale:1.0]]
[2020.03.06-08.20.05:205][  0]LogConfig: Setting CVar [[r.ParticleLightQuality:2]]
[2020.03.06-08.20.05:205][  0]LogConfig: Applying CVar settings from Section [FoliageQuality@3] File [C:/Users/gerard.campos/Desktop/levelUnrealProyecto/wrong_clone_2/Saved/Config/Windows/Scalability.ini]
[2020.03.06-08.20.05:205][  0]LogConfig: Setting CVar [[foliage.DensityScale:1.0]]
[2020.03.06-08.20.05:205][  0]LogConfig: Setting CVar [[grass.DensityScale:1.0]]
[2020.03.06-08.20.05:205][  0]LogInit: Selected Device Profile: [Windows]
[2020.03.06-08.20.05:205][  0]LogInit: Applying CVar settings loaded from the selected device profile: [Windows]
[2020.03.06-08.20.05:218][  0]LogHAL: Display: Platform has ~ 16 GB [17096142848 / 17179869184 / 16], which maps to Larger [LargestMinGB=32, LargerMinGB=12, DefaultMinGB=8, SmallerMinGB=6, SmallestMinGB=0)
[2020.03.06-08.20.05:218][  0]LogConfig: Setting CVar [[r.Vulkan.UseRealUBs:0		; Required until we fix HLR fall-out]]
[2020.03.06-08.20.05:218][  0]LogInit: Going up to parent DeviceProfile []
[2020.03.06-08.20.05:218][  0]LogConfig: Applying CVar settings from Section [ViewDistanceQuality@3] File [C:/Users/gerard.campos/Desktop/levelUnrealProyecto/wrong_clone_2/Saved/Config/Windows/Scalability.ini]
[2020.03.06-08.20.05:218][  0]LogConfig: Setting CVar [[r.SkeletalMeshLODBias:0]]
[2020.03.06-08.20.05:218][  0]LogConfig: Setting CVar [[r.ViewDistanceScale:1.0]]
[2020.03.06-08.20.05:218][  0]LogConfig: Applying CVar settings from Section [AntiAliasingQuality@3] File [C:/Users/gerard.campos/Desktop/levelUnrealProyecto/wrong_clone_2/Saved/Config/Windows/Scalability.ini]
[2020.03.06-08.20.05:218][  0]LogConfig: Setting CVar [[r.PostProcessAAQuality:4]]
[2020.03.06-08.20.05:218][  0]LogConfig: Applying CVar settings from Section [ShadowQuality@3] File [C:/Users/gerard.campos/Desktop/levelUnrealProyecto/wrong_clone_2/Saved/Config/Windows/Scalability.ini]
[2020.03.06-08.20.05:218][  0]LogConfig: Setting CVar [[r.LightFunctionQuality:1]]
[2020.03.06-08.20.05:218][  0]LogConfig: Setting CVar [[r.ShadowQuality:5]]
[2020.03.06-08.20.05:218][  0]LogConfig: Setting CVar [[r.Shadow.CSM.MaxCascades:10]]
[2020.03.06-08.20.05:218][  0]LogConfig: Setting CVar [[r.Shadow.MaxResolution:2048]]
[2020.03.06-08.20.05:218][  0]LogConfig: Setting CVar [[r.Shadow.MaxCSMResolution:2048]]
[2020.03.06-08.20.05:218][  0]LogConfig: Setting CVar [[r.Shadow.RadiusThreshold:0.01]]
[2020.03.06-08.20.05:218][  0]LogConfig: Setting CVar [[r.Shadow.DistanceScale:1.0]]
[2020.03.06-08.20.05:218][  0]LogConfig: Setting CVar [[r.Shadow.CSM.TransitionScale:1.0]]
[2020.03.06-08.20.05:218][  0]LogConfig: Setting CVar [[r.Shadow.PreShadowResolutionFactor:1.0]]
[2020.03.06-08.20.05:218][  0]LogConfig: Setting CVar [[r.DistanceFieldShadowing:1]]
[2020.03.06-08.20.05:218][  0]LogConfig: Setting CVar [[r.DistanceFieldAO:1]]
[2020.03.06-08.20.05:218][  0]LogConfig: Setting CVar [[r.AOQuality:2]]
[2020.03.06-08.20.05:218][  0]LogConfig: Setting CVar [[r.VolumetricFog:1]]
[2020.03.06-08.20.05:218][  0]LogConfig: Setting CVar [[r.VolumetricFog.GridPixelSize:8]]
[2020.03.06-08.20.05:218][  0]LogConfig: Setting CVar [[r.VolumetricFog.GridSizeZ:128]]
[2020.03.06-08.20.05:218][  0]LogConfig: Setting CVar [[r.VolumetricFog.HistoryMissSupersampleCount:4]]
[2020.03.06-08.20.05:218][  0]LogConfig: Setting CVar [[r.LightMaxDrawDistanceScale:1]]
[2020.03.06-08.20.05:218][  0]LogConfig: Setting CVar [[r.CapsuleShadows:1]]
[2020.03.06-08.20.05:218][  0]LogConfig: Applying CVar settings from Section [PostProcessQuality@3] File [C:/Users/gerard.campos/Desktop/levelUnrealProyecto/wrong_clone_2/Saved/Config/Windows/Scalability.ini]
[2020.03.06-08.20.05:218][  0]LogConfig: Setting CVar [[r.MotionBlurQuality:4]]
[2020.03.06-08.20.05:218][  0]LogConfig: Setting CVar [[r.AmbientOcclusionMipLevelFactor:0.4]]
[2020.03.06-08.20.05:218][  0]LogConfig: Setting CVar [[r.AmbientOcclusionMaxQuality:100]]
[2020.03.06-08.20.05:218][  0]LogConfig: Setting CVar [[r.AmbientOcclusionLevels:-1]]
[2020.03.06-08.20.05:218][  0]LogConfig: Setting CVar [[r.AmbientOcclusionRadiusScale:1.0]]
[2020.03.06-08.20.05:218][  0]LogConfig: Setting CVar [[r.DepthOfFieldQuality:2]]
[2020.03.06-08.20.05:218][  0]LogConfig: Setting CVar [[r.RenderTargetPoolMin:400]]
[2020.03.06-08.20.05:218][  0]LogConfig: Setting CVar [[r.LensFlareQuality:2]]
[2020.03.06-08.20.05:218][  0]LogConfig: Setting CVar [[r.SceneColorFringeQuality:1]]
[2020.03.06-08.20.05:218][  0]LogConfig: Setting CVar [[r.EyeAdaptationQuality:2]]
[2020.03.06-08.20.05:218][  0]LogConfig: Setting CVar [[r.BloomQuality:5]]
[2020.03.06-08.20.05:218][  0]LogConfig: Setting CVar [[r.FastBlurThreshold:100]]
[2020.03.06-08.20.05:218][  0]LogConfig: Setting CVar [[r.Upscale.Quality:3]]
[2020.03.06-08.20.05:218][  0]LogConfig: Setting CVar [[r.Tonemapper.GrainQuantization:1]]
[2020.03.06-08.20.05:218][  0]LogConfig: Setting CVar [[r.LightShaftQuality:1]]
[2020.03.06-08.20.05:218][  0]LogConfig: Setting CVar [[r.Filter.SizeScale:1]]
[2020.03.06-08.20.05:218][  0]LogConfig: Setting CVar [[r.Tonemapper.Quality:5]]
[2020.03.06-08.20.05:218][  0]LogConfig: Setting CVar [[r.DOF.Gather.AccumulatorQuality:1        ; higher gathering accumulator quality]]
[2020.03.06-08.20.05:218][  0]LogConfig: Setting CVar [[r.DOF.Gather.PostfilterMethod:1          ; Median3x3 postfilering method]]
[2020.03.06-08.20.05:218][  0]LogConfig: Setting CVar [[r.DOF.Gather.EnableBokehSettings:0       ; no bokeh simulation when gathering]]
[2020.03.06-08.20.05:218][  0]LogConfig: Setting CVar [[r.DOF.Gather.RingCount:4                 ; medium number of samples when gathering]]
[2020.03.06-08.20.05:218][  0]LogConfig: Setting CVar [[r.DOF.Scatter.ForegroundCompositing:1    ; additive foreground scattering]]
[2020.03.06-08.20.05:218][  0]LogConfig: Setting CVar [[r.DOF.Scatter.BackgroundCompositing:2    ; additive background scattering]]
[2020.03.06-08.20.05:218][  0]LogConfig: Setting CVar [[r.DOF.Scatter.EnableBokehSettings:1      ; bokeh simulation when scattering]]
[2020.03.06-08.20.05:218][  0]LogConfig: Setting CVar [[r.DOF.Scatter.MaxSpriteRatio:0.1         ; only a maximum of 10% of scattered bokeh]]
[2020.03.06-08.20.05:218][  0]LogConfig: Setting CVar [[r.DOF.Recombine.Quality:1                ; cheap slight out of focus]]
[2020.03.06-08.20.05:218][  0]LogConfig: Setting CVar [[r.DOF.Recombine.EnableBokehSettings:0    ; no bokeh simulation on slight out of focus]]
[2020.03.06-08.20.05:218][  0]LogConfig: Setting CVar [[r.DOF.TemporalAAQuality:1                ; more stable temporal accumulation]]
[2020.03.06-08.20.05:218][  0]LogConfig: Setting CVar [[r.DOF.Kernel.MaxForegroundRadius:0.025]]
[2020.03.06-08.20.05:218][  0]LogConfig: Setting CVar [[r.DOF.Kernel.MaxBackgroundRadius:0.025]]
[2020.03.06-08.20.05:219][  0]LogConfig: Applying CVar settings from Section [TextureQuality@3] File [C:/Users/gerard.campos/Desktop/levelUnrealProyecto/wrong_clone_2/Saved/Config/Windows/Scalability.ini]
[2020.03.06-08.20.05:219][  0]LogConfig: Setting CVar [[r.Streaming.MipBias:0]]
[2020.03.06-08.20.05:219][  0]LogConfig: Setting CVar [[r.Streaming.AmortizeCPUToGPUCopy:0]]
[2020.03.06-08.20.05:219][  0]LogConfig: Setting CVar [[r.Streaming.MaxNumTexturesToStreamPerFrame:0]]
[2020.03.06-08.20.05:219][  0]LogConfig: Setting CVar [[r.Streaming.Boost:1]]
[2020.03.06-08.20.05:219][  0]LogConfig: Setting CVar [[r.MaxAnisotropy:8]]
[2020.03.06-08.20.05:219][  0]LogConfig: Setting CVar [[r.Streaming.LimitPoolSizeToVRAM:0]]
[2020.03.06-08.20.05:219][  0]LogConfig: Setting CVar [[r.Streaming.PoolSize:1000]]
[2020.03.06-08.20.05:219][  0]LogConfig: Setting CVar [[r.Streaming.MaxEffectiveScreenSize:0]]
[2020.03.06-08.20.05:219][  0]LogConfig: Applying CVar settings from Section [EffectsQuality@3] File [C:/Users/gerard.campos/Desktop/levelUnrealProyecto/wrong_clone_2/Saved/Config/Windows/Scalability.ini]
[2020.03.06-08.20.05:219][  0]LogConfig: Setting CVar [[r.TranslucencyLightingVolumeDim:64]]
[2020.03.06-08.20.05:219][  0]LogConfig: Setting CVar [[r.RefractionQuality:2]]
[2020.03.06-08.20.05:219][  0]LogConfig: Setting CVar [[r.SSR.Quality:3]]
[2020.03.06-08.20.05:219][  0]LogConfig: Setting CVar [[r.SceneColorFormat:4]]
[2020.03.06-08.20.05:219][  0]LogConfig: Setting CVar [[r.DetailMode:2]]
[2020.03.06-08.20.05:219][  0]LogConfig: Setting CVar [[r.TranslucencyVolumeBlur:1]]
[2020.03.06-08.20.05:219][  0]LogConfig: Setting CVar [[r.MaterialQualityLevel:1 ; High quality]]
[2020.03.06-08.20.05:219][  0]LogConfig: Setting CVar [[r.SSS.Scale:1]]
[2020.03.06-08.20.05:219][  0]LogConfig: Setting CVar [[r.SSS.SampleSet:2]]
[2020.03.06-08.20.05:219][  0]LogConfig: Setting CVar [[r.SSS.Quality:1]]
[2020.03.06-08.20.05:219][  0]LogConfig: Setting CVar [[r.SSS.HalfRes:1]]
[2020.03.06-08.20.05:219][  0]LogConfig: Setting CVar [[r.EmitterSpawnRateScale:1.0]]
[2020.03.06-08.20.05:219][  0]LogConfig: Setting CVar [[r.ParticleLightQuality:2]]
[2020.03.06-08.20.05:219][  0]LogConfig: Applying CVar settings from Section [FoliageQuality@3] File [C:/Users/gerard.campos/Desktop/levelUnrealProyecto/wrong_clone_2/Saved/Config/Windows/Scalability.ini]
[2020.03.06-08.20.05:219][  0]LogConfig: Setting CVar [[foliage.DensityScale:1.0]]
[2020.03.06-08.20.05:219][  0]LogConfig: Setting CVar [[grass.DensityScale:1.0]]
[2020.03.06-08.20.05:219][  0]LogConfig: Applying CVar settings from Section [Startup] File [../../../Engine/Config/ConsoleVariables.ini]
[2020.03.06-08.20.05:219][  0]LogConfig: Setting CVar [[net.UseAdaptiveNetUpdateFrequency:0]]
[2020.03.06-08.20.05:219][  0]LogConfig: Setting CVar [[p.chaos.AllowCreatePhysxBodies:1]]
[2020.03.06-08.20.05:219][  0]LogConfig: Applying CVar settings from Section [ConsoleVariables] File [C:/Users/gerard.campos/Desktop/levelUnrealProyecto/wrong_clone_2/Saved/Config/Windows/Engine.ini]
[2020.03.06-08.20.05:219][  0]LogInit: Computer: PC-PB4-28
[2020.03.06-08.20.05:219][  0]LogInit: User: gerardcampos
[2020.03.06-08.20.05:219][  0]LogInit: CPU Page size=4096, Cores=6
[2020.03.06-08.20.05:219][  0]LogInit: High frequency timer resolution =10.000000 MHz
[2020.03.06-08.20.05:219][  0]LogMemory: Memory total: Physical=15.9GB (16GB approx)
[2020.03.06-08.20.05:219][  0]LogMemory: Platform Memory Stats for Windows
[2020.03.06-08.20.05:219][  0]LogMemory: Process Physical Memory: 98.38 MB used, 98.38 MB peak
[2020.03.06-08.20.05:219][  0]LogMemory: Process Virtual Memory: 89.70 MB used, 89.70 MB peak
[2020.03.06-08.20.05:219][  0]LogMemory: Physical Memory: 2939.66 MB used,  13364.50 MB free, 16304.15 MB total
[2020.03.06-08.20.05:219][  0]LogMemory: Virtual Memory: 4674.66 MB used,  134213056.00 MB free, 134217728.00 MB total
[2020.03.06-08.20.05:241][  0]LogInit: Using OS detected language (en-US).
[2020.03.06-08.20.05:241][  0]LogInit: Using OS detected locale (es-ES).
[2020.03.06-08.20.05:243][  0]LogTextLocalizationManager: No specific localization for 'en-US' exists, so the 'en' localization will be used.
[2020.03.06-08.20.05:353][  0]LogInit: Setting process to per monitor DPI aware
[2020.03.06-08.20.05:378][  0]LogSlate: New Slate User Created.  User Index 0, Is Virtual User: 0
[2020.03.06-08.20.05:378][  0]LogSlate: Slate User Registered.  User Index 0, Is Virtual User: 0
[2020.03.06-08.20.05:622][  0]LogHMD: Failed to initialize OpenVR with code 110
[2020.03.06-08.20.05:622][  0]LogD3D11RHI: D3D11 adapters:
[2020.03.06-08.20.05:684][  0]LogD3D11RHI:    0. 'NVIDIA GeForce RTX 2060' (Feature Level 11_0)
[2020.03.06-08.20.05:684][  0]LogD3D11RHI:       5980/0/8152 MB DedicatedVideo/DedicatedSystem/SharedSystem, Outputs:1, VendorId:0x10de
[2020.03.06-08.20.05:686][  0]LogD3D11RHI:    1. 'Microsoft Basic Render Driver' (Feature Level 11_0)
[2020.03.06-08.20.05:686][  0]LogD3D11RHI:       0/0/8152 MB DedicatedVideo/DedicatedSystem/SharedSystem, Outputs:0, VendorId:0x1414
[2020.03.06-08.20.05:686][  0]LogD3D11RHI: Chosen D3D11 Adapter: 0
[2020.03.06-08.20.05:690][  0]LogD3D11RHI: Creating new Direct3DDevice
[2020.03.06-08.20.05:690][  0]LogD3D11RHI:     GPU DeviceId: 0x1f08 (for the marketing name, search the web for "GPU Device Id")
[2020.03.06-08.20.05:690][  0]LogWindows: EnumDisplayDevices:
[2020.03.06-08.20.05:690][  0]LogWindows:    0. 'NVIDIA GeForce RTX 2060' (P:1 D:1)
[2020.03.06-08.20.05:690][  0]LogWindows:    1. 'NVIDIA GeForce RTX 2060' (P:0 D:0)
[2020.03.06-08.20.05:690][  0]LogWindows:    2. 'NVIDIA GeForce RTX 2060' (P:0 D:0)
[2020.03.06-08.20.05:690][  0]LogWindows:    3. 'NVIDIA GeForce RTX 2060' (P:0 D:0)
[2020.03.06-08.20.05:690][  0]LogWindows: DebugString: FoundDriverCount:4 
[2020.03.06-08.20.05:690][  0]LogD3D11RHI:     Adapter Name: NVIDIA GeForce RTX 2060
[2020.03.06-08.20.05:690][  0]LogD3D11RHI:   Driver Version: 430.86 (internal:26.21.14.3086, unified:430.86)
[2020.03.06-08.20.05:690][  0]LogD3D11RHI:      Driver Date: 5-22-2019
[2020.03.06-08.20.05:690][  0]LogRHI: Texture pool is 4186 MB (70% of 5980 MB)
[2020.03.06-08.20.05:733][  0]LogD3D11RHI: Async texture creation enabled
[2020.03.06-08.20.05:736][  0]LogRendererCore: FGlobalReadBuffer::InitRHI
[2020.03.06-08.20.05:736][  0]LogRendererCore: FGlobalReadBuffer::InitRHI
[2020.03.06-08.20.05:736][  0]LogRendererCore: FGlobalReadBuffer::InitRHI
[2020.03.06-08.20.05:744][  0]LogD3D11RHI: GPU Timing Frequency: 1000.000000 (Debug: 2 1)
[2020.03.06-08.20.06:148][  0]LogTemp: Display: Module 'AllDesktopTargetPlatform' loaded TargetPlatform 'AllDesktop'
[2020.03.06-08.20.06:160][  0]LogTemp: Display: Module 'MacClientTargetPlatform' loaded TargetPlatform 'MacClient'
[2020.03.06-08.20.06:173][  0]LogTemp: Display: Module 'MacNoEditorTargetPlatform' loaded TargetPlatform 'MacNoEditor'
[2020.03.06-08.20.06:186][  0]LogTemp: Display: Module 'MacServerTargetPlatform' loaded TargetPlatform 'MacServer'
[2020.03.06-08.20.06:199][  0]LogTemp: Display: Module 'MacTargetPlatform' loaded TargetPlatform 'Mac'
[2020.03.06-08.20.06:211][  0]LogTemp: Display: Module 'WindowsClientTargetPlatform' loaded TargetPlatform 'WindowsClient'
[2020.03.06-08.20.06:223][  0]LogTemp: Display: Module 'WindowsNoEditorTargetPlatform' loaded TargetPlatform 'WindowsNoEditor'
[2020.03.06-08.20.06:236][  0]LogTemp: Display: Module 'WindowsServerTargetPlatform' loaded TargetPlatform 'WindowsServer'
[2020.03.06-08.20.06:242][  0]LogTemp: Display: Module 'WindowsTargetPlatform' loaded TargetPlatform 'Windows'
[2020.03.06-08.20.06:322][  0]LogTemp: Display: Module 'AndroidTargetPlatform' loaded TargetPlatform 'Android'
[2020.03.06-08.20.06:322][  0]LogTemp: Display: Module 'AndroidTargetPlatform' loaded TargetPlatform 'Android_ASTC'
[2020.03.06-08.20.06:322][  0]LogTemp: Display: Module 'AndroidTargetPlatform' loaded TargetPlatform 'Android_ATC'
[2020.03.06-08.20.06:322][  0]LogTemp: Display: Module 'AndroidTargetPlatform' loaded TargetPlatform 'Android_DXT'
[2020.03.06-08.20.06:322][  0]LogTemp: Display: Module 'AndroidTargetPlatform' loaded TargetPlatform 'Android_ETC1'
[2020.03.06-08.20.06:322][  0]LogTemp: Display: Module 'AndroidTargetPlatform' loaded TargetPlatform 'Android_ETC1a'
[2020.03.06-08.20.06:322][  0]LogTemp: Display: Module 'AndroidTargetPlatform' loaded TargetPlatform 'Android_ETC2'
[2020.03.06-08.20.06:322][  0]LogTemp: Display: Module 'AndroidTargetPlatform' loaded TargetPlatform 'Android_PVRTC'
[2020.03.06-08.20.06:322][  0]LogTemp: Display: Module 'AndroidTargetPlatform' loaded TargetPlatform 'AndroidClient'
[2020.03.06-08.20.06:322][  0]LogTemp: Display: Module 'AndroidTargetPlatform' loaded TargetPlatform 'Android_ASTCClient'
[2020.03.06-08.20.06:322][  0]LogTemp: Display: Module 'AndroidTargetPlatform' loaded TargetPlatform 'Android_ATCClient'
[2020.03.06-08.20.06:322][  0]LogTemp: Display: Module 'AndroidTargetPlatform' loaded TargetPlatform 'Android_DXTClient'
[2020.03.06-08.20.06:322][  0]LogTemp: Display: Module 'AndroidTargetPlatform' loaded TargetPlatform 'Android_ETC1Client'
[2020.03.06-08.20.06:322][  0]LogTemp: Display: Module 'AndroidTargetPlatform' loaded TargetPlatform 'Android_ETC1aClient'
[2020.03.06-08.20.06:322][  0]LogTemp: Display: Module 'AndroidTargetPlatform' loaded TargetPlatform 'Android_ETC2Client'
[2020.03.06-08.20.06:322][  0]LogTemp: Display: Module 'AndroidTargetPlatform' loaded TargetPlatform 'Android_PVRTCClient'
[2020.03.06-08.20.06:322][  0]LogTemp: Display: Module 'AndroidTargetPlatform' loaded TargetPlatform 'Android_Multi'
[2020.03.06-08.20.06:322][  0]LogTemp: Display: Module 'AndroidTargetPlatform' loaded TargetPlatform 'Android_MultiClient'
[2020.03.06-08.20.06:325][  0]LogTemp: Display: Module 'HTML5TargetPlatform' loaded TargetPlatform 'HTML5'
[2020.03.06-08.20.06:373][  0]LogTemp: Display: Module 'IOSTargetPlatform' loaded TargetPlatform 'IOSClient'
[2020.03.06-08.20.06:373][  0]LogTemp: Display: Module 'IOSTargetPlatform' loaded TargetPlatform 'IOS'
[2020.03.06-08.20.06:395][  0]LogTemp: Display: Module 'TVOSTargetPlatform' loaded TargetPlatform 'TVOSClient'
[2020.03.06-08.20.06:395][  0]LogTemp: Display: Module 'TVOSTargetPlatform' loaded TargetPlatform 'TVOS'
[2020.03.06-08.20.06:407][  0]LogTemp: Display: Module 'LinuxClientTargetPlatform' loaded TargetPlatform 'LinuxClient'
[2020.03.06-08.20.06:419][  0]LogTemp: Display: Module 'LinuxNoEditorTargetPlatform' loaded TargetPlatform 'LinuxNoEditor'
[2020.03.06-08.20.06:431][  0]LogTemp: Display: Module 'LinuxServerTargetPlatform' loaded TargetPlatform 'LinuxServer'
[2020.03.06-08.20.06:444][  0]LogTemp: Display: Module 'LinuxTargetPlatform' loaded TargetPlatform 'Linux'
[2020.03.06-08.20.06:486][  0]LogTemp: Display: Module 'LuminTargetPlatform' loaded TargetPlatform 'Lumin'
[2020.03.06-08.20.06:486][  0]LogTemp: Display: Module 'LuminTargetPlatform' loaded TargetPlatform 'LuminClient'
[2020.03.06-08.20.06:486][  0]LogTargetPlatformManager: Display: Building Assets For Windows
[2020.03.06-08.20.06:494][  0]LogAudioDebug: Display: Lib vorbis DLL was dynamically loaded.
[2020.03.06-08.20.06:556][  0]LogShaderCompilers: Guid format shader working directory is -26 characters bigger than the processId version (../../../../../../Users/gerard.campos/Desktop/levelUnrealProyecto/wrong_clone_2/Intermediate/Shaders/WorkingDirectory/10652/).
[2020.03.06-08.20.06:557][  0]LogShaderCompilers: Cleaned the shader compiler working directory 'C:/Users/gerard.campos/AppData/Local/Temp/UnrealShaderWorkingDir/68D3ACDC488E1AAF29F357AC69238B08/'.
[2020.03.06-08.20.06:559][  0]LogXGEController: Cannot use XGE Controller as Incredibuild is not installed on this machine.
[2020.03.06-08.20.06:559][  0]LogShaderCompilers: Cannot use XGE Shader Compiler as Incredibuild is not installed on this machine.
[2020.03.06-08.20.06:559][  0]LogShaderCompilers: Display: Using Local Shader Compiler.
[2020.03.06-08.20.07:009][  0]LogDerivedDataCache: Display: Max Cache Size: 512 MB
[2020.03.06-08.20.07:046][  0]LogDerivedDataCache: Loaded boot cache 0.04s 71MB C:/Users/gerard.campos/AppData/Local/UnrealEngine/4.22/DerivedDataCache/Boot.ddc.
[2020.03.06-08.20.07:046][  0]LogDerivedDataCache: Display: Loaded Boot cache: C:/Users/gerard.campos/AppData/Local/UnrealEngine/4.22/DerivedDataCache/Boot.ddc
[2020.03.06-08.20.07:046][  0]LogDerivedDataCache: FDerivedDataBackendGraph:  Pak pak cache file ../../../../../../Users/gerard.campos/Desktop/levelUnrealProyecto/wrong_clone_2/DerivedDataCache/DDC.ddp not found, will not use a pak cache.
[2020.03.06-08.20.07:046][  0]LogDerivedDataCache: Unable to find inner node Pak for hierarchical cache Hierarchy.
[2020.03.06-08.20.07:046][  0]LogDerivedDataCache: FDerivedDataBackendGraph:  CompressedPak pak cache file ../../../../../../Users/gerard.campos/Desktop/levelUnrealProyecto/wrong_clone_2/DerivedDataCache/Compressed.ddp not found, will not use a pak cache.
[2020.03.06-08.20.07:046][  0]LogDerivedDataCache: Unable to find inner node CompressedPak for hierarchical cache Hierarchy.
[2020.03.06-08.20.07:056][  0]LogDerivedDataCache: Display: Pak cache opened for reading ../../../Engine/DerivedDataCache/Compressed.ddp.
[2020.03.06-08.20.07:059][  0]LogDerivedDataCache: Display: Pak cache opened for reading ../../../Enterprise/DerivedDataCache/Compressed.ddp.
[2020.03.06-08.20.07:071][  0]LogDerivedDataCache: Using Local data cache path C:/Users/gerard.campos/AppData/Local/UnrealEngine/Common/DerivedDataCache: Writable
[2020.03.06-08.20.07:071][  0]LogDerivedDataCache: Shared data cache path not found in *engine.ini, will not use an Shared cache.
[2020.03.06-08.20.07:071][  0]LogDerivedDataCache: Unable to find inner node Shared for hierarchical cache Hierarchy.
[2020.03.06-08.20.07:087][  0]LogMaterial: Verifying Global Shaders for PCD3D_SM5
[2020.03.06-08.20.07:088][  0]LogSlate: Using FreeType 2.6.0
[2020.03.06-08.20.07:089][  0]LogSlate: SlateFontServices - WITH_FREETYPE: 1, WITH_HARFBUZZ: 1
[2020.03.06-08.20.07:175][  0]LogAssetRegistry: FAssetRegistry took 0.0324 seconds to start up
[2020.03.06-08.20.07:499][  0]LogInit: Selected Device Profile: [Windows]
[2020.03.06-08.20.07:617][  0]LogMeshReduction: Using QuadricMeshReduction for automatic static mesh reduction
[2020.03.06-08.20.07:617][  0]LogMeshReduction: Using SimplygonMeshReduction for automatic skeletal mesh reduction
[2020.03.06-08.20.07:617][  0]LogMeshReduction: Using ProxyLODMeshReduction for automatic mesh merging
[2020.03.06-08.20.07:617][  0]LogMeshReduction: No distributed automatic mesh merging module available
[2020.03.06-08.20.07:617][  0]LogMeshMerging: No distributed automatic mesh merging module available
[2020.03.06-08.20.07:629][  0]LogNetVersion: wrong_clone 1.0.0, NetCL: 5660361, EngineNetVer: 10, GameNetVer: 0 (Checksum: 4030561285)
[2020.03.06-08.20.07:971][  0]LogPackageLocalizationCache: Processed 10 localized package path(s) for 1 prioritized culture(s) in 0.031904 seconds
[2020.03.06-08.20.07:975][  0]LogUObjectArray: 42205 objects as part of root set at end of initial load.
[2020.03.06-08.20.07:975][  0]LogUObjectAllocator: 7325032 out of 0 bytes used by permanent object pool.
[2020.03.06-08.20.07:975][  0]LogUObjectArray: CloseDisregardForGC: 0/0 objects in disregard for GC pool
[2020.03.06-08.20.08:814][  0]LogTcpMessaging: Initializing TcpMessaging bridge
[2020.03.06-08.20.08:827][  0]LogUdpMessaging: Initializing bridge on interface 0.0.0.0:0 to multicast group 230.0.0.1:6666.
[2020.03.06-08.20.08:927][  0]SourceControl: Source control is disabled
[2020.03.06-08.20.08:927][  0]SourceControl: Source control is disabled
[2020.03.06-08.20.08:929][  0]SourceControl: Source control is disabled
[2020.03.06-08.20.08:930][  0]SourceControl: Source control is disabled
[2020.03.06-08.20.09:021][  0]LogAndroidPermission: UAndroidPermissionCallbackProxy::GetInstance
[2020.03.06-08.20.09:077][  0]LogOcInput: OculusInput pre-init called
[2020.03.06-08.20.09:784][  0]LogEngine: Initializing Engine...
[2020.03.06-08.20.09:785][  0]LogHMD: Failed to initialize OpenVR with code 110
[2020.03.06-08.20.09:786][  0]LogStats: UGameplayTagsManager::InitializeManager -  0.000 s
[2020.03.06-08.20.09:952][  0]LogInit: Initializing FReadOnlyCVARCache
[2020.03.06-08.20.09:964][  0]LogAIModule: Creating AISystem for world Untitled
[2020.03.06-08.20.09:972][  0]LogInit: XAudio2 using '22E1W (NVIDIA High Definition Audio)' : 2 channels at 48 kHz using 16 bits per sample (channel mask 0x3)
[2020.03.06-08.20.09:992][  0]LogInit: FAudioDevice initialized.
[2020.03.06-08.20.09:992][  0]LogNetVersion: Set ProjectVersion to 1.0.0.0. Version Checksum will be recalculated on next use.
[2020.03.06-08.20.10:238][  0]LogDerivedDataCache: Saved boot cache 0.25s 71MB C:/Users/gerard.campos/AppData/Local/UnrealEngine/4.22/DerivedDataCache/Boot.ddc.
[2020.03.06-08.20.10:241][  0]LogInit: Texture streaming: Enabled
[2020.03.06-08.20.10:256][  0]LogEngineSessionManager: EngineSessionManager initialized
[2020.03.06-08.20.10:272][  0]LogInit: Transaction tracking system initialized
[2020.03.06-08.20.10:293][  0]BlueprintLog: New page: Editor Load
[2020.03.06-08.20.10:377][  0]LocalizationService: Localization service is disabled
[2020.03.06-08.20.10:679][  0]LogFileCache: Scanning file cache for directory 'C:/Users/gerard.campos/Desktop/levelUnrealProyecto/wrong_clone_2/Content/' took 0.02s
[2020.03.06-08.20.10:679][  0]LogCook: Display: Max memory allowance for cook 16384mb min free memory 0mb
[2020.03.06-08.20.10:679][  0]LogCook: Display: Mobile HDR setting 1
[2020.03.06-08.20.10:850][  0]SourceControl: Source control is disabled
[2020.03.06-08.20.10:850][  0]Cmd: MAP LOAD FILE="../../../../../../Users/gerard.campos/Desktop/levelUnrealProyecto/wrong_clone_2/Content/SideScrollerBP/Maps/Tutorial.umap" TEMPLATE=0 SHOWPROGRESS=1 FEATURELEVEL=3
[2020.03.06-08.20.10:851][  0]LightingResults: New page: Lighting Build
[2020.03.06-08.20.10:853][  0]MapCheck: New page: Map Check
[2020.03.06-08.20.10:853][  0]LightingResults: New page: Lighting Build
[2020.03.06-08.20.10:881][  0]LogUObjectHash: Compacting FUObjectHashTables data took   1.18ms
[2020.03.06-08.20.11:086][  0]LogLinker: Warning: Can't find file '/Game/SideScrollerBP/Maps/Tutorial_BuiltData'
[2020.03.06-08.20.11:086][  0]LogLinker: Warning: Can't find file for asset '/Game/SideScrollerBP/Maps/Tutorial_BuiltData' while loading NULL.
[2020.03.06-08.20.11:111][  0]LogLinker: Warning: Can't find file '/Game/SideScrollerBP/Maps/Tutorial_BuiltData'
[2020.03.06-08.20.11:112][  0]LogLinker: Warning: Can't find file for asset '/Game/SideScrollerBP/Maps/Tutorial_BuiltData' while loading NULL.
[2020.03.06-08.20.11:116][  0]LogLinker: Warning: Can't find file '/Game/SideScrollerBP/Maps/Tutorial_BuiltData'
[2020.03.06-08.20.11:116][  0]LogLinker: Warning: Can't find file for asset '/Game/SideScrollerBP/Maps/Tutorial_BuiltData' while loading NULL.
[2020.03.06-08.20.11:117][  0]LogLinker: Warning: Can't find file '/Game/SideScrollerBP/Maps/Tutorial_BuiltData'
[2020.03.06-08.20.11:117][  0]LogLinker: Warning: Can't find file for asset '/Game/SideScrollerBP/Maps/Tutorial_BuiltData' while loading NULL.
[2020.03.06-08.20.11:139][  0]LogLinker: Warning: Can't find file '/Game/SideScrollerBP/Maps/Tutorial_BuiltData'
[2020.03.06-08.20.11:139][  0]LoadErrors: Failed to load /Game/SideScrollerBP/Maps/Tutorial_BuiltData.Tutorial_BuiltData Referenced by PersistentLevel
[2020.03.06-08.20.11:139][  0]LogLinker: Warning: Can't find file for asset '/Game/SideScrollerBP/Maps/Tutorial_BuiltData' while loading NULL.
[2020.03.06-08.20.11:260][  0]LogAIModule: Creating AISystem for world Tutorial
[2020.03.06-08.20.11:271][  0]LogEditorServer: Finished looking for orphan Actors (0.000 secs)
[2020.03.06-08.20.11:300][  0]LogUObjectHash: Compacting FUObjectHashTables data took   1.63ms
[2020.03.06-08.20.11:301][  0]Cmd: MAP CHECKDEP NOCLEARLOG
[2020.03.06-08.20.11:301][  0]MapCheck: Map check complete: 0 Error(s), 0 Warning(s), took 0,284ms to complete.
[2020.03.06-08.20.11:301][  0]LogFileHelpers: Loading map 'Tutorial' took 0.451
[2020.03.06-08.20.11:395][  0]LogSlate: Updating window title bar state: overlay mode, drag disabled, window buttons hidden, title bar hidden
[2020.03.06-08.20.11:400][  0]LogSlate: Updating window title bar state: overlay mode, drag disabled, window buttons hidden, title bar hidden
[2020.03.06-08.20.11:404][  0]LogSlate: Updating window title bar state: overlay mode, drag disabled, window buttons hidden, title bar hidden
[2020.03.06-08.20.11:409][  0]LogSlate: Updating window title bar state: overlay mode, drag disabled, window buttons hidden, title bar hidden
[2020.03.06-08.20.11:416][  0]LogCollectionManager: Loaded 0 collections in 0.002060 seconds
[2020.03.06-08.20.11:455][  0]LogFileCache: Scanning file cache for directory 'C:/Users/gerard.campos/Desktop/levelUnrealProyecto/wrong_clone_2/Saved/Collections/' took 0.01s
[2020.03.06-08.20.11:455][  0]LogFileCache: Scanning file cache for directory 'C:/Users/gerard.campos/Desktop/levelUnrealProyecto/wrong_clone_2/Content/Developers/gerardcampos/Collections/' took 0.01s
[2020.03.06-08.20.11:455][  0]LogFileCache: Scanning file cache for directory 'C:/Users/gerard.campos/Desktop/levelUnrealProyecto/wrong_clone_2/Content/Collections/' took 0.01s
[2020.03.06-08.20.11:455][  0]LogCollectionManager: Rebuilt the GUID cache for 0 collections in 0.000000 seconds
[2020.03.06-08.20.11:461][  0]LogContentBrowser: Native class hierarchy populated in 0.0066 seconds. Added 2732 classes and 659 folders.
[2020.03.06-08.20.11:467][  0]LogContentBrowser: Native class hierarchy updated for 'WidgetCarousel' in 0.0003 seconds. Added 0 classes and 0 folders.
[2020.03.06-08.20.11:469][  0]LogPakFile: Registered encryption key '00000000000000000000000000000000': 0 pak files mounted, 0 remain pending
[2020.03.06-08.20.11:470][  0]LogPakFile: Registered encryption key '00000000000000000000000000000000': 0 pak files mounted, 0 remain pending
[2020.03.06-08.20.11:470][  0]LogPakFile: Registered encryption key '00000000000000000000000000000000': 0 pak files mounted, 0 remain pending
[2020.03.06-08.20.11:471][  0]LogPakFile: Registered encryption key '00000000000000000000000000000000': 0 pak files mounted, 0 remain pending
[2020.03.06-08.20.11:472][  0]LogPakFile: Registered encryption key '00000000000000000000000000000000': 0 pak files mounted, 0 remain pending
[2020.03.06-08.20.11:473][  0]LogPakFile: Registered encryption key '00000000000000000000000000000000': 0 pak files mounted, 0 remain pending
[2020.03.06-08.20.11:473][  0]LogPakFile: Registered encryption key '00000000000000000000000000000000': 0 pak files mounted, 0 remain pending
[2020.03.06-08.20.11:474][  0]LogPakFile: Registered encryption key '00000000000000000000000000000000': 0 pak files mounted, 0 remain pending
[2020.03.06-08.20.11:475][  0]LogPakFile: Registered encryption key '00000000000000000000000000000000': 0 pak files mounted, 0 remain pending
[2020.03.06-08.20.11:476][  0]LogPakFile: Registered encryption key '00000000000000000000000000000000': 0 pak files mounted, 0 remain pending
[2020.03.06-08.20.11:477][  0]LogPakFile: Registered encryption key '00000000000000000000000000000000': 0 pak files mounted, 0 remain pending
[2020.03.06-08.20.11:477][  0]LogPakFile: Registered encryption key '00000000000000000000000000000000': 0 pak files mounted, 0 remain pending
[2020.03.06-08.20.11:478][  0]LogPakFile: Registered encryption key '00000000000000000000000000000000': 0 pak files mounted, 0 remain pending
[2020.03.06-08.20.11:479][  0]LogPakFile: Registered encryption key '00000000000000000000000000000000': 0 pak files mounted, 0 remain pending
[2020.03.06-08.20.11:480][  0]LogPakFile: Registered encryption key '00000000000000000000000000000000': 0 pak files mounted, 0 remain pending
[2020.03.06-08.20.11:481][  0]LogPakFile: Registered encryption key '00000000000000000000000000000000': 0 pak files mounted, 0 remain pending
[2020.03.06-08.20.11:481][  0]LogPakFile: Registered encryption key '00000000000000000000000000000000': 0 pak files mounted, 0 remain pending
[2020.03.06-08.20.11:482][  0]LogPakFile: Registered encryption key '00000000000000000000000000000000': 0 pak files mounted, 0 remain pending
[2020.03.06-08.20.11:483][  0]LogPakFile: Registered encryption key '00000000000000000000000000000000': 0 pak files mounted, 0 remain pending
[2020.03.06-08.20.11:484][  0]LogPakFile: Registered encryption key '00000000000000000000000000000000': 0 pak files mounted, 0 remain pending
[2020.03.06-08.20.11:485][  0]LogPakFile: Registered encryption key '00000000000000000000000000000000': 0 pak files mounted, 0 remain pending
[2020.03.06-08.20.11:485][  0]LogPakFile: Registered encryption key '00000000000000000000000000000000': 0 pak files mounted, 0 remain pending
[2020.03.06-08.20.11:486][  0]LogPakFile: Registered encryption key '00000000000000000000000000000000': 0 pak files mounted, 0 remain pending
[2020.03.06-08.20.11:487][  0]LogPakFile: Registered encryption key '00000000000000000000000000000000': 0 pak files mounted, 0 remain pending
[2020.03.06-08.20.11:488][  0]LogPakFile: Registered encryption key '00000000000000000000000000000000': 0 pak files mounted, 0 remain pending
[2020.03.06-08.20.11:489][  0]LogPakFile: Registered encryption key '00000000000000000000000000000000': 0 pak files mounted, 0 remain pending
[2020.03.06-08.20.11:489][  0]LogPakFile: Registered encryption key '00000000000000000000000000000000': 0 pak files mounted, 0 remain pending
[2020.03.06-08.20.11:490][  0]LogPakFile: Registered encryption key '00000000000000000000000000000000': 0 pak files mounted, 0 remain pending
[2020.03.06-08.20.11:546][  0]LogContentBrowser: Native class hierarchy updated for 'AddContentDialog' in 0.0003 seconds. Added 0 classes and 0 folders.
[2020.03.06-08.20.11:551][  0]LogContentBrowser: Native class hierarchy updated for 'SceneOutliner' in 0.0003 seconds. Added 1 classes and 2 folders.
[2020.03.06-08.20.11:561][  0]LogSlate: Took 0.000210 seconds to synchronously load lazily loaded font '../../../Engine/Content/Slate/Fonts/Roboto-Regular.ttf' (155K)
[2020.03.06-08.20.11:562][  0]LogSlate: Took 0.000341 seconds to synchronously load lazily loaded font '../../../Engine/Content/Slate/Fonts/Roboto-Bold.ttf' (160K)
[2020.03.06-08.20.11:566][  0]LogSlate: Took 0.000194 seconds to synchronously load lazily loaded font '../../../Engine/Content/Editor/Slate/Fonts/FontAwesome.ttf' (139K)
[2020.03.06-08.20.11:622][  0]LogRenderer: Reallocating scene render targets to support 1208x572 Format 10 NumSamples 1 (Frame:1).
[2020.03.06-08.20.11:667][  0]LogSlate: Took 0.000160 seconds to synchronously load lazily loaded font '../../../Engine/Content/Slate/Fonts/Roboto-Light.ttf' (167K)
[2020.03.06-08.20.11:746][  0]LogContentBrowser: Native class hierarchy updated for 'HierarchicalLODOutliner' in 0.0003 seconds. Added 0 classes and 0 folders.
[2020.03.06-08.20.11:746][  0]LogLoad: (Engine Initialization) Total time: 9.14 seconds
[2020.03.06-08.20.11:746][  0]LogLoad: (Engine Initialization) Total Blueprint compile time: 0.00 seconds
[2020.03.06-08.20.11:786][  0]LogAssetRegistry: Asset discovery search completed in 4.6329 seconds
[2020.03.06-08.20.11:788][  0]LogCollectionManager: Rebuilt the object cache for 0 collections in 0.000000 seconds (found 0 objects)
[2020.03.06-08.20.11:788][  0]LogCollectionManager: Fixed up redirectors for 0 collections in 0.000034 seconds (updated 0 objects)
[2020.03.06-08.20.11:790][  0]LogContentStreaming: Texture pool size now 1000 MB
[2020.03.06-08.20.11:798][  0]LogSlate: FSceneViewport::OnFocusLost() reason 2
[2020.03.06-08.20.11:842][  1]LogFileCache: Retrieving MD5 hashes for directory 'C:/Users/gerard.campos/Desktop/levelUnrealProyecto/wrong_clone_2/Content/' took 0.07s
[2020.03.06-08.20.12:768][102]LogSlate: Took 0.000222 seconds to synchronously load lazily loaded font '../../../Engine/Content/Slate/Fonts/Roboto-Light.ttf' (167K)
[2020.03.06-08.20.18:653][808]LogSlate: Window 'Message Log' being destroyed
[2020.03.06-08.20.18:657][808]LogSlate: Window 'Message Log' being destroyed
[2020.03.06-08.20.19:755][940]LogSlate: FSceneViewport::OnFocusLost() reason 0
[2020.03.06-08.20.22:451][255]LogBlueprint: Warning: Timeline Timeline_1 Track NewTrack_0 in /Engine/Transient.REINST_trap_C_32 has an invalid curve.  Please fix!
[2020.03.06-08.20.22:451][255]LogBlueprint: Warning: Timeline Timeline_0 Track NewTrack_0 in /Engine/Transient.REINST_trap_C_32 has an invalid curve.  Please fix!
[2020.03.06-08.20.22:520][255]LogAIModule: Creating AISystem for world GerardLevel
[2020.03.06-08.20.22:565][255]LogAssetEditorManager: Opening Asset editor for World /Game/SideScrollerBP/Maps/GerardLevel.GerardLevel
[2020.03.06-08.20.22:591][255]LogUObjectHash: Compacting FUObjectHashTables data took   1.79ms
[2020.03.06-08.20.22:591][255]Cmd: MAP LOAD FILE="../../../../../../Users/gerard.campos/Desktop/levelUnrealProyecto/wrong_clone_2/Content/SideScrollerBP/Maps/GerardLevel.umap" TEMPLATE=0 SHOWPROGRESS=1 FEATURELEVEL=3
[2020.03.06-08.20.22:592][255]LightingResults: New page: Lighting Build
[2020.03.06-08.20.22:592][255]LoadErrors: New page: Loading map: GerardLevel.umap
[2020.03.06-08.20.22:593][255]MapCheck: New page: Map Check
[2020.03.06-08.20.22:593][255]LightingResults: New page: Lighting Build
[2020.03.06-08.20.22:617][255]LogUObjectHash: Compacting FUObjectHashTables data took   1.65ms
[2020.03.06-08.20.22:679][255]LogEditorServer: Finished looking for orphan Actors (0.000 secs)
[2020.03.06-08.20.22:703][255]LogUObjectHash: Compacting FUObjectHashTables data took   1.31ms
[2020.03.06-08.20.22:727][255]Cmd: MAP CHECKDEP NOCLEARLOG
[2020.03.06-08.20.22:728][255]MapCheck: Map check complete: 0 Error(s), 0 Warning(s), took 0,348ms to complete.
[2020.03.06-08.20.22:728][255]LogFileHelpers: Loading map 'GerardLevel' took 0.137
[2020.03.06-08.20.26:641][705]LogEditorViewport: Clicking on Actor (LMB): SideScrollerCharacter_C (SideScrollerCharacter)
[2020.03.06-08.20.39:642][216]LogSlate: FSceneViewport::OnFocusLost() reason 0
[2020.03.06-08.20.49:118][345]LogAssetEditorManager: Opening Asset editor for Blueprint /Game/SideScrollerBP/Blueprints/SideScrollerCharacter.SideScrollerCharacter
[2020.03.06-08.20.49:315][345]LogContentBrowser: Native class hierarchy updated for 'BlueprintGraph' in 0.0005 seconds. Added 121 classes and 0 folders.
[2020.03.06-08.20.49:930][345]LogAssetEditorManager: Opening Asset editor for Blueprint /Game/SideScrollerBP/Blueprints/GameController.GameController
[2020.03.06-08.20.50:181][345]LogAssetEditorManager: Opening Asset editor for Blueprint /Game/SideScrollerBP/Blueprints/trap.trap
[2020.03.06-08.20.50:415][345]LogAssetEditorManager: Opening Asset editor for Blueprint /Game/SideScrollerBP/Blueprints/MovablePlatform.MovablePlatform
[2020.03.06-08.20.50:650][345]LogSlate: Took 0.000273 seconds to synchronously load lazily loaded font '../../../Engine/Content/Slate/Fonts/Roboto-BoldCondensed.ttf' (158K)
[2020.03.06-08.20.50:765][346]LogSlate: Took 0.000244 seconds to synchronously load lazily loaded font '../../../Engine/Content/Slate/Fonts/Roboto-Italic.ttf' (157K)
[2020.03.06-08.20.54:660][778]LogSlate: Window 'MovablePlatform' being destroyed
[2020.03.06-08.21.13:763][ 53]LogUObjectHash: Compacting FUObjectHashTables data took   2.49ms
[2020.03.06-08.21.19:433][713]LogUObjectHash: Compacting FUObjectHashTables data took   2.03ms
[2020.03.06-08.21.19:434][713]LogMetaData: Removing '/Game/SideScrollerBP/Blueprints/trap2.SKEL_trap2_C' ref from Metadata '/Game/SideScrollerBP/Blueprints/MovablePlatform_2.PackageMetaData'
[2020.03.06-08.21.19:434][713]LogMetaData: Removing '/Game/SideScrollerBP/Blueprints/trap2.trap2_C' ref from Metadata '/Game/SideScrollerBP/Blueprints/MovablePlatform_2.PackageMetaData'
[2020.03.06-08.21.19:494][713]LogSavePackage: Moving '../../../../../../Users/gerard.campos/Desktop/levelUnrealProyecto/wrong_clone_2/Saved/trap28930F61E47FB11DF419569A2EDF49256.tmp' to '../../../../../../Users/gerard.campos/Desktop/levelUnrealProyecto/wrong_clone_2/Content/SideScrollerBP/Blueprints/trap2.uasset'
[2020.03.06-08.21.19:612][713]LogUObjectHash: Compacting FUObjectHashTables data took   2.02ms
[2020.03.06-08.21.19:646][713]LogUObjectHash: Compacting FUObjectHashTables data took   1.37ms
[2020.03.06-08.21.19:672][713]LogUObjectHash: Compacting FUObjectHashTables data took   0.56ms
[2020.03.06-08.21.23:476][163]LogAssetEditorManager: Opening Asset editor for Blueprint /Game/SideScrollerBP/Blueprints/trap2.trap2
[2020.03.06-08.21.48:232][ 56]LogBlueprint: Warning: Timeline Timeline_0 Track NewTrack_0 in /Game/SideScrollerBP/Blueprints/trap2.trap2_C has an invalid curve.  Please fix!
[2020.03.06-08.21.49:766][ 56]LogWindows: Error: === Critical error: ===
[2020.03.06-08.21.49:766][ 56]LogWindows: Error: 
[2020.03.06-08.21.49:766][ 56]LogWindows: Error: Fatal error!
[2020.03.06-08.21.49:766][ 56]LogWindows: Error: 
[2020.03.06-08.21.49:766][ 56]LogWindows: Error: Unhandled Exception: EXCEPTION_ACCESS_VIOLATION reading address 0x00000028
[2020.03.06-08.21.49:766][ 56]LogWindows: Error: 
[2020.03.06-08.21.49:766][ 56]LogWindows: Error: [Callstack] 0x00007ffb130bc34c UE4Editor-BlueprintGraph.dll!UnknownFunction []
[2020.03.06-08.21.49:766][ 56]LogWindows: Error: [Callstack] 0x00007ffb1549659d UE4Editor-UnrealEd.dll!UnknownFunction []
[2020.03.06-08.21.49:766][ 56]LogWindows: Error: [Callstack] 0x00007ffb154826e0 UE4Editor-UnrealEd.dll!UnknownFunction []
[2020.03.06-08.21.49:766][ 56]LogWindows: Error: [Callstack] 0x00007ffb141ef7c9 UE4Editor-Kismet.dll!UnknownFunction []
[2020.03.06-08.21.49:766][ 56]LogWindows: Error: [Callstack] 0x00007ffb141ef5c6 UE4Editor-Kismet.dll!UnknownFunction []
[2020.03.06-08.21.49:766][ 56]LogWindows: Error: [Callstack] 0x00007ffb141c9188 UE4Editor-Kismet.dll!UnknownFunction []
[2020.03.06-08.21.49:766][ 56]LogWindows: Error: [Callstack] 0x00007ffb168171ea UE4Editor-Slate.dll!UnknownFunction []
[2020.03.06-08.21.49:766][ 56]LogWindows: Error: [Callstack] 0x00007ffb1684743e UE4Editor-Slate.dll!UnknownFunction []
[2020.03.06-08.21.49:766][ 56]LogWindows: Error: [Callstack] 0x00007ffb120c1358 UE4Editor-GraphEditor.dll!UnknownFunction []
[2020.03.06-08.21.49:766][ 56]LogWindows: Error: [Callstack] 0x00007ffb167e1e66 UE4Editor-Slate.dll!UnknownFunction []
[2020.03.06-08.21.49:766][ 56]LogWindows: Error: [Callstack] 0x00007ffb16848dcd UE4Editor-Slate.dll!UnknownFunction []
[2020.03.06-08.21.49:766][ 56]LogWindows: Error: [Callstack] 0x00007ffb1683f1ce UE4Editor-Slate.dll!UnknownFunction []
[2020.03.06-08.21.49:766][ 56]LogWindows: Error: [Callstack] 0x00007ffb3f8cb55a UE4Editor-ApplicationCore.dll!UnknownFunction []
[2020.03.06-08.21.49:766][ 56]LogWindows: Error: [Callstack] 0x00007ffb3f8bef9f UE4Editor-ApplicationCore.dll!UnknownFunction []
[2020.03.06-08.21.49:766][ 56]LogWindows: Error: [Callstack] 0x00007ffb3f8cd77f UE4Editor-ApplicationCore.dll!UnknownFunction []
[2020.03.06-08.21.49:766][ 56]LogWindows: Error: [Callstack] 0x00007ffb3f8bc090 UE4Editor-ApplicationCore.dll!UnknownFunction []
[2020.03.06-08.21.49:766][ 56]LogWindows: Error: [Callstack] 0x00007ffb4f897446 USER32.dll!UnknownFunction []
[2020.03.06-08.21.49:766][ 56]LogWindows: Error: [Callstack] 0x00007ffb4f896f62 USER32.dll!UnknownFunction []
[2020.03.06-08.21.49:766][ 56]LogWindows: Error: [Callstack] 0x00007ffb3f8ce946 UE4Editor-ApplicationCore.dll!UnknownFunction []
[2020.03.06-08.21.49:766][ 56]LogWindows: Error: [Callstack] 0x00007ff6903b5d3e UE4Editor.exe!UnknownFunction []
[2020.03.06-08.21.49:766][ 56]LogWindows: Error: [Callstack] 0x00007ff6903c554c UE4Editor.exe!UnknownFunction []
[2020.03.06-08.21.49:766][ 56]LogWindows: Error: [Callstack] 0x00007ff6903c55ca UE4Editor.exe!UnknownFunction []
[2020.03.06-08.21.49:766][ 56]LogWindows: Error: [Callstack] 0x00007ff6903d316c UE4Editor.exe!UnknownFunction []
[2020.03.06-08.21.49:766][ 56]LogWindows: Error: [Callstack] 0x00007ff6903d5b8e UE4Editor.exe!UnknownFunction []
[2020.03.06-08.21.49:766][ 56]LogWindows: Error: [Callstack] 0x00007ffb4fb67974 KERNEL32.DLL!UnknownFunction []
[2020.03.06-08.21.49:766][ 56]LogWindows: Error: [Callstack] 0x00007ffb50faa261 ntdll.dll!UnknownFunction []
[2020.03.06-08.21.49:766][ 56]LogWindows: Error: 
[2020.03.06-08.21.49:780][ 56]LogExit: Executing StaticShutdownAfterError
[2020.03.06-08.21.49:783][ 56]LogWindows: FPlatformMisc::RequestExit(1)
[2020.03.06-08.21.49:785][ 56]Log file closed, 03/06/20 09:21:49
